e:\cuda\repo\cuda_dll\cuda_dll\x64\debug\cuda_dll.pch
e:\cuda\repo\cuda_dll\cuda_dll\x64\debug\vc142.pdb
e:\cuda\repo\cuda_dll\cuda_dll\x64\debug\vc142.idb
e:\cuda\repo\cuda_dll\cuda_dll\x64\debug\pch.obj
e:\cuda\repo\cuda_dll\cuda_dll\x64\debug\dllmain.obj
e:\cuda\repo\cuda_dll\cuda_dll\x64\debug\cuda_all_dll.obj
x64\debug\add.cu.obj
e:\cuda\repo\cuda_dll\x64\debug\cuda_dll.lib
e:\cuda\repo\cuda_dll\x64\debug\cuda_dll.exp
e:\cuda\repo\cuda_dll\x64\debug\cuda_dll.ilk
e:\cuda\repo\cuda_dll\x64\debug\cuda_dll.dll
e:\cuda\repo\cuda_dll\x64\debug\cuda_dll.pdb
e:\cuda\repo\cuda_dll\cuda_dll\x64\debug\add.cu.cache
e:\cuda\repo\cuda_dll\cuda_dll\x64\debug\add.cu.obj
e:\cuda\repo\cuda_dll\cuda_dll\x64\debug\cuda_dll.tlog\cl.command.1.tlog
e:\cuda\repo\cuda_dll\cuda_dll\x64\debug\cuda_dll.tlog\cl.read.1.tlog
e:\cuda\repo\cuda_dll\cuda_dll\x64\debug\cuda_dll.tlog\cl.write.1.tlog
e:\cuda\repo\cuda_dll\cuda_dll\x64\debug\cuda_dll.tlog\cudacompile.read.1u.tlog
e:\cuda\repo\cuda_dll\cuda_dll\x64\debug\cuda_dll.tlog\cudacompile.write.1u.tlog
e:\cuda\repo\cuda_dll\cuda_dll\x64\debug\cuda_dll.tlog\cuda_dll.write.1u.tlog
e:\cuda\repo\cuda_dll\cuda_dll\x64\debug\cuda_dll.tlog\link.command.1.tlog
e:\cuda\repo\cuda_dll\cuda_dll\x64\debug\cuda_dll.tlog\link.delete.1.tlog
e:\cuda\repo\cuda_dll\cuda_dll\x64\debug\cuda_dll.tlog\link.read.1.tlog
e:\cuda\repo\cuda_dll\cuda_dll\x64\debug\cuda_dll.tlog\link.write.1.tlog
